{"timestamp":"18/11/2025, 13:40:08","level":"info","message":"headersList =>","testip":null,"testip2":null}
{"timestamp":"18/11/2025, 13:40:08","level":"info","message":"Client IP =>","clientIp":"::1"}
{"timestamp":"18/11/2025, 13:40:24","level":"info","message":"headersList =>","testip":null,"testip2":null}
{"timestamp":"18/11/2025, 13:40:24","level":"info","message":"Client IP =>","clientIp":"::1"}
{"timestamp":"18/11/2025, 13:41:08","level":"info","message":"headersList =>","testip":null,"testip2":null}
{"timestamp":"18/11/2025, 13:41:08","level":"info","message":"Client IP =>","clientIp":"::1"}
{"timestamp":"18/11/2025, 13:41:28","level":"info","message":"headersList =>","testip":null,"testip2":null}
{"timestamp":"18/11/2025, 13:41:28","level":"info","message":"Client IP =>","clientIp":"::1"}
{"timestamp":"18/11/2025, 13:41:28","level":"info","message":"headersList =>","testip":null,"testip2":null}
{"timestamp":"18/11/2025, 13:41:28","level":"info","message":"Client IP =>","clientIp":"::1"}
{"timestamp":"18/11/2025, 13:41:28","level":"info","message":"headersList =>","testip":null,"testip2":null}
{"timestamp":"18/11/2025, 13:41:28","level":"info","message":"Client IP =>","clientIp":"::1"}
{"timestamp":"18/11/2025, 13:41:43","level":"error","message":"Database operation failed: querySrv ETIMEOUT _mongodb._tcp.sages.p1zye6m.mongodb.net","code":"ETIMEOUT","syscall":"querySrv","hostname":"_mongodb._tcp.sages.p1zye6m.mongodb.net","stack":"Error: querySrv ETIMEOUT _mongodb._tcp.sages.p1zye6m.mongodb.net\n    at QueryReqWrap.onresolve [as oncomplete] (node:internal/dns/promises:293:17)\n    at QueryReqWrap.callbackTrampoline (node:internal/async_hooks:130:17)"}
{"timestamp":"18/11/2025, 13:42:02","level":"error","message":"Database operation failed: querySrv ETIMEOUT _mongodb._tcp.sages.p1zye6m.mongodb.net","code":"ETIMEOUT","syscall":"querySrv","hostname":"_mongodb._tcp.sages.p1zye6m.mongodb.net","stack":"Error: querySrv ETIMEOUT _mongodb._tcp.sages.p1zye6m.mongodb.net\n    at QueryReqWrap.onresolve [as oncomplete] (node:internal/dns/promises:293:17)\n    at QueryReqWrap.callbackTrampoline (node:internal/async_hooks:130:17)"}
{"timestamp":"18/11/2025, 13:42:09","level":"info","message":"headersList =>","testip":null,"testip2":null}
{"timestamp":"18/11/2025, 13:42:09","level":"info","message":"Client IP =>","clientIp":"::1"}
{"timestamp":"18/11/2025, 13:42:29","level":"info","message":"headersList =>","testip":null,"testip2":null}
{"timestamp":"18/11/2025, 13:42:29","level":"info","message":"Client IP =>","clientIp":"::1"}
{"timestamp":"18/11/2025, 13:42:36","level":"info","message":"headersList =>","testip":null,"testip2":null}
{"timestamp":"18/11/2025, 13:42:36","level":"info","message":"Client IP =>","clientIp":"::1"}
{"timestamp":"18/11/2025, 13:42:40","level":"info","message":"headersList =>","testip":null,"testip2":null}
{"timestamp":"18/11/2025, 13:42:40","level":"info","message":"Client IP =>","clientIp":"::1"}
{"timestamp":"18/11/2025, 13:42:41","level":"error","message":"Database operation failed: querySrv ETIMEOUT _mongodb._tcp.sages.p1zye6m.mongodb.net","code":"ETIMEOUT","syscall":"querySrv","hostname":"_mongodb._tcp.sages.p1zye6m.mongodb.net","stack":"Error: querySrv ETIMEOUT _mongodb._tcp.sages.p1zye6m.mongodb.net\n    at QueryReqWrap.onresolve [as oncomplete] (node:internal/dns/promises:293:17)\n    at QueryReqWrap.callbackTrampoline (node:internal/async_hooks:130:17)"}
{"timestamp":"18/11/2025, 13:42:42","level":"error","message":"Error fetching visitor stats: querySrv ETIMEOUT _mongodb._tcp.sages.p1zye6m.mongodb.net","code":"ETIMEOUT","syscall":"querySrv","hostname":"_mongodb._tcp.sages.p1zye6m.mongodb.net","stack":"Error: querySrv ETIMEOUT _mongodb._tcp.sages.p1zye6m.mongodb.net\n    at QueryReqWrap.onresolve [as oncomplete] (node:internal/dns/promises:293:17)\n    at QueryReqWrap.callbackTrampoline (node:internal/async_hooks:130:17)"}
{"timestamp":"18/11/2025, 13:42:42","level":"error","message":"Error name: Error, message: querySrv ETIMEOUT _mongodb._tcp.sages.p1zye6m.mongodb.net"}
{"timestamp":"18/11/2025, 13:42:49","level":"error","message":"Error fetching visitor stats: querySrv ETIMEOUT _mongodb._tcp.sages.p1zye6m.mongodb.net","code":"ETIMEOUT","syscall":"querySrv","hostname":"_mongodb._tcp.sages.p1zye6m.mongodb.net","stack":"Error: querySrv ETIMEOUT _mongodb._tcp.sages.p1zye6m.mongodb.net\n    at QueryReqWrap.onresolve [as oncomplete] (node:internal/dns/promises:293:17)\n    at QueryReqWrap.callbackTrampoline (node:internal/async_hooks:130:17)"}
{"timestamp":"18/11/2025, 13:42:49","level":"error","message":"Error name: Error, message: querySrv ETIMEOUT _mongodb._tcp.sages.p1zye6m.mongodb.net"}
{"timestamp":"18/11/2025, 13:43:00","level":"info","message":"headersList =>","testip":null,"testip2":null}
{"timestamp":"18/11/2025, 13:43:00","level":"info","message":"Client IP =>","clientIp":"::1"}
{"timestamp":"18/11/2025, 13:43:00","level":"info","message":"headersList =>","testip":null,"testip2":null}
{"timestamp":"18/11/2025, 13:43:00","level":"info","message":"Client IP =>","clientIp":"::1"}
{"timestamp":"18/11/2025, 13:43:00","level":"info","message":"headersList =>","testip":null,"testip2":null}
{"timestamp":"18/11/2025, 13:43:00","level":"info","message":"Client IP =>","clientIp":"::1"}
{"timestamp":"18/11/2025, 13:43:06","level":"error","message":"Database operation failed: querySrv ETIMEOUT _mongodb._tcp.sages.p1zye6m.mongodb.net","code":"ETIMEOUT","syscall":"querySrv","hostname":"_mongodb._tcp.sages.p1zye6m.mongodb.net","stack":"Error: querySrv ETIMEOUT _mongodb._tcp.sages.p1zye6m.mongodb.net\n    at QueryReqWrap.onresolve [as oncomplete] (node:internal/dns/promises:293:17)\n    at QueryReqWrap.callbackTrampoline (node:internal/async_hooks:130:17)"}
{"timestamp":"18/11/2025, 13:43:10","level":"error","message":"Error fetching visitor stats: querySrv ETIMEOUT _mongodb._tcp.sages.p1zye6m.mongodb.net","code":"ETIMEOUT","syscall":"querySrv","hostname":"_mongodb._tcp.sages.p1zye6m.mongodb.net","stack":"Error: querySrv ETIMEOUT _mongodb._tcp.sages.p1zye6m.mongodb.net\n    at QueryReqWrap.onresolve [as oncomplete] (node:internal/dns/promises:293:17)\n    at QueryReqWrap.callbackTrampoline (node:internal/async_hooks:130:17)"}
{"timestamp":"18/11/2025, 13:43:10","level":"error","message":"Error name: Error, message: querySrv ETIMEOUT _mongodb._tcp.sages.p1zye6m.mongodb.net"}
{"timestamp":"18/11/2025, 13:43:13","level":"error","message":"Database operation failed: querySrv ETIMEOUT _mongodb._tcp.sages.p1zye6m.mongodb.net","code":"ETIMEOUT","syscall":"querySrv","hostname":"_mongodb._tcp.sages.p1zye6m.mongodb.net","stack":"Error: querySrv ETIMEOUT _mongodb._tcp.sages.p1zye6m.mongodb.net\n    at QueryReqWrap.onresolve [as oncomplete] (node:internal/dns/promises:293:17)\n    at QueryReqWrap.callbackTrampoline (node:internal/async_hooks:130:17)"}
{"timestamp":"18/11/2025, 13:43:16","level":"error","message":"Database operation failed: querySrv ETIMEOUT _mongodb._tcp.sages.p1zye6m.mongodb.net","code":"ETIMEOUT","syscall":"querySrv","hostname":"_mongodb._tcp.sages.p1zye6m.mongodb.net","stack":"Error: querySrv ETIMEOUT _mongodb._tcp.sages.p1zye6m.mongodb.net\n    at QueryReqWrap.onresolve [as oncomplete] (node:internal/dns/promises:293:17)\n    at QueryReqWrap.callbackTrampoline (node:internal/async_hooks:130:17)"}
{"timestamp":"18/11/2025, 13:43:41","level":"error","message":"Database operation failed: querySrv ETIMEOUT _mongodb._tcp.sages.p1zye6m.mongodb.net","code":"ETIMEOUT","syscall":"querySrv","hostname":"_mongodb._tcp.sages.p1zye6m.mongodb.net","stack":"Error: querySrv ETIMEOUT _mongodb._tcp.sages.p1zye6m.mongodb.net\n    at QueryReqWrap.onresolve [as oncomplete] (node:internal/dns/promises:293:17)\n    at QueryReqWrap.callbackTrampoline (node:internal/async_hooks:130:17)"}
{"timestamp":"18/11/2025, 13:44:07","level":"error","message":"Database operation failed: querySrv ETIMEOUT _mongodb._tcp.sages.p1zye6m.mongodb.net","code":"ETIMEOUT","syscall":"querySrv","hostname":"_mongodb._tcp.sages.p1zye6m.mongodb.net","stack":"Error: querySrv ETIMEOUT _mongodb._tcp.sages.p1zye6m.mongodb.net\n    at QueryReqWrap.onresolve [as oncomplete] (node:internal/dns/promises:293:17)\n    at QueryReqWrap.callbackTrampoline (node:internal/async_hooks:130:17)"}
{"timestamp":"18/11/2025, 13:44:09","level":"error","message":"Database operation failed: querySrv ETIMEOUT _mongodb._tcp.sages.p1zye6m.mongodb.net","code":"ETIMEOUT","syscall":"querySrv","hostname":"_mongodb._tcp.sages.p1zye6m.mongodb.net","stack":"Error: querySrv ETIMEOUT _mongodb._tcp.sages.p1zye6m.mongodb.net\n    at QueryReqWrap.onresolve [as oncomplete] (node:internal/dns/promises:293:17)\n    at QueryReqWrap.callbackTrampoline (node:internal/async_hooks:130:17)"}
{"timestamp":"18/11/2025, 13:44:12","level":"error","message":"Error fetching visitor stats: querySrv ETIMEOUT _mongodb._tcp.sages.p1zye6m.mongodb.net","code":"ETIMEOUT","syscall":"querySrv","hostname":"_mongodb._tcp.sages.p1zye6m.mongodb.net","stack":"Error: querySrv ETIMEOUT _mongodb._tcp.sages.p1zye6m.mongodb.net\n    at QueryReqWrap.onresolve [as oncomplete] (node:internal/dns/promises:293:17)\n    at QueryReqWrap.callbackTrampoline (node:internal/async_hooks:130:17)"}
{"timestamp":"18/11/2025, 13:44:12","level":"error","message":"Error name: Error, message: querySrv ETIMEOUT _mongodb._tcp.sages.p1zye6m.mongodb.net"}
{"timestamp":"18/11/2025, 13:44:16","level":"error","message":"Error fetching visitor stats: querySrv ETIMEOUT _mongodb._tcp.sages.p1zye6m.mongodb.net","code":"ETIMEOUT","syscall":"querySrv","hostname":"_mongodb._tcp.sages.p1zye6m.mongodb.net","stack":"Error: querySrv ETIMEOUT _mongodb._tcp.sages.p1zye6m.mongodb.net\n    at QueryReqWrap.onresolve [as oncomplete] (node:internal/dns/promises:293:17)\n    at QueryReqWrap.callbackTrampoline (node:internal/async_hooks:130:17)"}
{"timestamp":"18/11/2025, 13:44:16","level":"error","message":"Error name: Error, message: querySrv ETIMEOUT _mongodb._tcp.sages.p1zye6m.mongodb.net"}
{"timestamp":"18/11/2025, 13:44:16","level":"info","message":"headersList =>","testip":null,"testip2":null}
{"timestamp":"18/11/2025, 13:44:16","level":"info","message":"Client IP =>","clientIp":"::1"}
{"timestamp":"18/11/2025, 13:44:19","level":"error","message":"Database operation failed: querySrv ETIMEOUT _mongodb._tcp.sages.p1zye6m.mongodb.net","code":"ETIMEOUT","syscall":"querySrv","hostname":"_mongodb._tcp.sages.p1zye6m.mongodb.net","stack":"Error: querySrv ETIMEOUT _mongodb._tcp.sages.p1zye6m.mongodb.net\n    at QueryReqWrap.onresolve [as oncomplete] (node:internal/dns/promises:293:17)\n    at QueryReqWrap.callbackTrampoline (node:internal/async_hooks:130:17)"}
{"timestamp":"18/11/2025, 13:44:30","level":"info","message":"headersList =>","testip":null,"testip2":null}
{"timestamp":"18/11/2025, 13:44:30","level":"info","message":"Client IP =>","clientIp":"::1"}
{"timestamp":"18/11/2025, 13:44:32","level":"error","message":"Error fetching visitor stats: querySrv ETIMEOUT _mongodb._tcp.sages.p1zye6m.mongodb.net","code":"ETIMEOUT","syscall":"querySrv","hostname":"_mongodb._tcp.sages.p1zye6m.mongodb.net","stack":"Error: querySrv ETIMEOUT _mongodb._tcp.sages.p1zye6m.mongodb.net\n    at QueryReqWrap.onresolve [as oncomplete] (node:internal/dns/promises:293:17)\n    at QueryReqWrap.callbackTrampoline (node:internal/async_hooks:130:17)"}
{"timestamp":"18/11/2025, 13:44:32","level":"error","message":"Error name: Error, message: querySrv ETIMEOUT _mongodb._tcp.sages.p1zye6m.mongodb.net"}
{"timestamp":"18/11/2025, 13:44:35","level":"error","message":"Database operation failed: querySrv ETIMEOUT _mongodb._tcp.sages.p1zye6m.mongodb.net","code":"ETIMEOUT","syscall":"querySrv","hostname":"_mongodb._tcp.sages.p1zye6m.mongodb.net","stack":"Error: querySrv ETIMEOUT _mongodb._tcp.sages.p1zye6m.mongodb.net\n    at QueryReqWrap.onresolve [as oncomplete] (node:internal/dns/promises:293:17)\n    at QueryReqWrap.callbackTrampoline (node:internal/async_hooks:130:17)"}
{"timestamp":"18/11/2025, 13:44:37","level":"error","message":"Database operation failed: querySrv ETIMEOUT _mongodb._tcp.sages.p1zye6m.mongodb.net","code":"ETIMEOUT","syscall":"querySrv","hostname":"_mongodb._tcp.sages.p1zye6m.mongodb.net","stack":"Error: querySrv ETIMEOUT _mongodb._tcp.sages.p1zye6m.mongodb.net\n    at QueryReqWrap.onresolve [as oncomplete] (node:internal/dns/promises:293:17)\n    at QueryReqWrap.callbackTrampoline (node:internal/async_hooks:130:17)"}
{"timestamp":"18/11/2025, 13:44:38","level":"error","message":"Database operation failed: querySrv ETIMEOUT _mongodb._tcp.sages.p1zye6m.mongodb.net","code":"ETIMEOUT","syscall":"querySrv","hostname":"_mongodb._tcp.sages.p1zye6m.mongodb.net","stack":"Error: querySrv ETIMEOUT _mongodb._tcp.sages.p1zye6m.mongodb.net\n    at QueryReqWrap.onresolve [as oncomplete] (node:internal/dns/promises:293:17)\n    at QueryReqWrap.callbackTrampoline (node:internal/async_hooks:130:17)"}
{"timestamp":"18/11/2025, 13:45:40","level":"info","message":"headersList =>","testip":null,"testip2":null}
{"timestamp":"18/11/2025, 13:45:40","level":"info","message":"Client IP =>","clientIp":"::1"}
{"timestamp":"18/11/2025, 13:45:50","level":"error","message":"Error fetching visitor stats: querySrv ETIMEOUT _mongodb._tcp.sages.p1zye6m.mongodb.net","code":"ETIMEOUT","syscall":"querySrv","hostname":"_mongodb._tcp.sages.p1zye6m.mongodb.net","stack":"Error: querySrv ETIMEOUT _mongodb._tcp.sages.p1zye6m.mongodb.net\n    at QueryReqWrap.onresolve [as oncomplete] (node:internal/dns/promises:293:17)\n    at QueryReqWrap.callbackTrampoline (node:internal/async_hooks:130:17)"}
{"timestamp":"18/11/2025, 13:45:50","level":"error","message":"Error name: Error, message: querySrv ETIMEOUT _mongodb._tcp.sages.p1zye6m.mongodb.net"}
{"timestamp":"18/11/2025, 13:45:55","level":"error","message":"Database operation failed: querySrv ETIMEOUT _mongodb._tcp.sages.p1zye6m.mongodb.net","code":"ETIMEOUT","syscall":"querySrv","hostname":"_mongodb._tcp.sages.p1zye6m.mongodb.net","stack":"Error: querySrv ETIMEOUT _mongodb._tcp.sages.p1zye6m.mongodb.net\n    at QueryReqWrap.onresolve [as oncomplete] (node:internal/dns/promises:293:17)\n    at QueryReqWrap.callbackTrampoline (node:internal/async_hooks:130:17)"}
{"timestamp":"18/11/2025, 13:46:00","level":"info","message":"headersList =>","testip":null,"testip2":null}
{"timestamp":"18/11/2025, 13:46:00","level":"info","message":"Client IP =>","clientIp":"::1"}
{"timestamp":"18/11/2025, 13:46:00","level":"info","message":"headersList =>","testip":null,"testip2":null}
{"timestamp":"18/11/2025, 13:46:00","level":"info","message":"Client IP =>","clientIp":"::1"}
{"timestamp":"18/11/2025, 13:46:00","level":"info","message":"headersList =>","testip":null,"testip2":null}
{"timestamp":"18/11/2025, 13:46:00","level":"info","message":"Client IP =>","clientIp":"::1"}
{"timestamp":"18/11/2025, 13:46:05","level":"error","message":"Database operation failed: querySrv ETIMEOUT _mongodb._tcp.sages.p1zye6m.mongodb.net","code":"ETIMEOUT","syscall":"querySrv","hostname":"_mongodb._tcp.sages.p1zye6m.mongodb.net","stack":"Error: querySrv ETIMEOUT _mongodb._tcp.sages.p1zye6m.mongodb.net\n    at QueryReqWrap.onresolve [as oncomplete] (node:internal/dns/promises:293:17)\n    at QueryReqWrap.callbackTrampoline (node:internal/async_hooks:130:17)"}
{"timestamp":"18/11/2025, 13:46:13","level":"error","message":"Error fetching visitor stats: querySrv ETIMEOUT _mongodb._tcp.sages.p1zye6m.mongodb.net","code":"ETIMEOUT","syscall":"querySrv","hostname":"_mongodb._tcp.sages.p1zye6m.mongodb.net","stack":"Error: querySrv ETIMEOUT _mongodb._tcp.sages.p1zye6m.mongodb.net\n    at QueryReqWrap.onresolve [as oncomplete] (node:internal/dns/promises:293:17)\n    at QueryReqWrap.callbackTrampoline (node:internal/async_hooks:130:17)"}
{"timestamp":"18/11/2025, 13:46:13","level":"error","message":"Error name: Error, message: querySrv ETIMEOUT _mongodb._tcp.sages.p1zye6m.mongodb.net"}
{"timestamp":"18/11/2025, 13:46:31","level":"info","message":"headersList =>","testip":null,"testip2":null}
{"timestamp":"18/11/2025, 13:46:31","level":"info","message":"Client IP =>","clientIp":"::1"}
{"timestamp":"18/11/2025, 13:49:44","level":"info","message":"headersList =>","testip":null,"testip2":null}
{"timestamp":"18/11/2025, 13:49:44","level":"info","message":"Client IP =>","clientIp":"::1"}
{"timestamp":"18/11/2025, 13:49:44","level":"error","message":"Database operation failed: querySrv ECONNREFUSED _mongodb._tcp.sages.p1zye6m.mongodb.net","code":"ECONNREFUSED","syscall":"querySrv","hostname":"_mongodb._tcp.sages.p1zye6m.mongodb.net","stack":"Error: querySrv ECONNREFUSED _mongodb._tcp.sages.p1zye6m.mongodb.net\n    at QueryReqWrap.onresolve [as oncomplete] (node:internal/dns/promises:293:17)\n    at QueryReqWrap.callbackTrampoline (node:internal/async_hooks:130:17)"}
{"timestamp":"18/11/2025, 13:49:44","level":"info","message":"headersList =>","testip":null,"testip2":null}
{"timestamp":"18/11/2025, 13:49:44","level":"info","message":"Client IP =>","clientIp":"::1"}
{"timestamp":"18/11/2025, 13:49:44","level":"error","message":"Database operation failed: querySrv ECONNREFUSED _mongodb._tcp.sages.p1zye6m.mongodb.net","code":"ECONNREFUSED","syscall":"querySrv","hostname":"_mongodb._tcp.sages.p1zye6m.mongodb.net","stack":"Error: querySrv ECONNREFUSED _mongodb._tcp.sages.p1zye6m.mongodb.net\n    at QueryReqWrap.onresolve [as oncomplete] (node:internal/dns/promises:293:17)\n    at QueryReqWrap.callbackTrampoline (node:internal/async_hooks:130:17)"}
{"timestamp":"18/11/2025, 13:49:45","level":"error","message":"Error fetching visitor count: querySrv ECONNREFUSED _mongodb._tcp.sages.p1zye6m.mongodb.net","code":"ECONNREFUSED","syscall":"querySrv","hostname":"_mongodb._tcp.sages.p1zye6m.mongodb.net","stack":"Error: querySrv ECONNREFUSED _mongodb._tcp.sages.p1zye6m.mongodb.net\n    at QueryReqWrap.onresolve [as oncomplete] (node:internal/dns/promises:293:17)\n    at QueryReqWrap.callbackTrampoline (node:internal/async_hooks:130:17)"}
{"timestamp":"18/11/2025, 13:49:45","level":"error","message":"Error name: Error, message: querySrv ECONNREFUSED _mongodb._tcp.sages.p1zye6m.mongodb.net"}
{"timestamp":"18/11/2025, 13:49:45","level":"error","message":"Error fetching visitor count: querySrv ECONNREFUSED _mongodb._tcp.sages.p1zye6m.mongodb.net","code":"ECONNREFUSED","syscall":"querySrv","hostname":"_mongodb._tcp.sages.p1zye6m.mongodb.net","stack":"Error: querySrv ECONNREFUSED _mongodb._tcp.sages.p1zye6m.mongodb.net\n    at QueryReqWrap.onresolve [as oncomplete] (node:internal/dns/promises:293:17)\n    at QueryReqWrap.callbackTrampoline (node:internal/async_hooks:130:17)"}
{"timestamp":"18/11/2025, 13:49:45","level":"error","message":"Error name: Error, message: querySrv ECONNREFUSED _mongodb._tcp.sages.p1zye6m.mongodb.net"}
{"timestamp":"18/11/2025, 13:53:18","level":"info","message":"headersList =>","testip":null,"testip2":null}
{"timestamp":"18/11/2025, 13:53:18","level":"info","message":"Client IP =>","clientIp":"::1"}
{"timestamp":"18/11/2025, 13:53:21","level":"info","message":"headersList =>","testip":null,"testip2":null}
{"timestamp":"18/11/2025, 13:53:21","level":"info","message":"Client IP =>","clientIp":"::1"}
{"timestamp":"18/11/2025, 13:54:07","level":"info","message":"headersList =>","testip":null,"testip2":null}
{"timestamp":"18/11/2025, 13:54:07","level":"info","message":"Client IP =>","clientIp":"::1"}
{"timestamp":"18/11/2025, 13:54:08","level":"info","message":"headersList =>","testip":null,"testip2":null}
{"timestamp":"18/11/2025, 13:54:08","level":"info","message":"Client IP =>","clientIp":"::1"}
