{"timestamp":"17/11/2025, 21:43:17","level":"info","message":"headersList =>","testip":null,"testip2":null}
{"timestamp":"17/11/2025, 21:43:17","level":"info","message":"Client IP =>","clientIp":"::1"}
{"timestamp":"17/11/2025, 21:43:19","level":"info","message":"headersList =>","testip":null,"testip2":null}
{"timestamp":"17/11/2025, 21:43:19","level":"info","message":"Client IP =>","clientIp":"::1"}
{"timestamp":"17/11/2025, 21:57:11","level":"info","message":"headersList =>","testip":null,"testip2":null}
{"timestamp":"17/11/2025, 21:57:11","level":"info","message":"Client IP =>","clientIp":"::1"}
{"timestamp":"17/11/2025, 21:57:13","level":"info","message":"headersList =>","testip":null,"testip2":null}
{"timestamp":"17/11/2025, 21:57:13","level":"info","message":"Client IP =>","clientIp":"::1"}
{"timestamp":"17/11/2025, 21:57:35","level":"info","message":"headersList =>","testip":null,"testip2":null}
{"timestamp":"17/11/2025, 21:57:35","level":"info","message":"Client IP =>","clientIp":"::1"}
{"timestamp":"17/11/2025, 21:57:36","level":"info","message":"headersList =>","testip":null,"testip2":null}
{"timestamp":"17/11/2025, 21:57:36","level":"info","message":"Client IP =>","clientIp":"::1"}
{"timestamp":"17/11/2025, 22:01:30","level":"warn","message":"404 Not Found: /error"}
{"timestamp":"17/11/2025, 22:01:30","level":"warn","message":"404 Not Found: /error"}
{"timestamp":"17/11/2025, 22:02:37","level":"warn","message":"404 Not Found: /error"}
{"timestamp":"17/11/2025, 22:02:37","level":"warn","message":"404 Not Found: /error"}
{"timestamp":"17/11/2025, 22:03:08","level":"info","message":"headersList =>","testip":null,"testip2":null}
{"timestamp":"17/11/2025, 22:03:08","level":"info","message":"Client IP =>","clientIp":"::1"}
{"timestamp":"17/11/2025, 22:03:10","level":"info","message":"headersList =>","testip":null,"testip2":null}
{"timestamp":"17/11/2025, 22:03:10","level":"info","message":"Client IP =>","clientIp":"::1"}
{"timestamp":"17/11/2025, 22:03:22","level":"warn","message":"404 Not Found: /fdjf"}
{"timestamp":"17/11/2025, 22:03:22","level":"warn","message":"404 Not Found: /fdjf"}
{"timestamp":"17/11/2025, 22:06:35","level":"warn","message":"404 Not Found: /fdjf"}
{"timestamp":"17/11/2025, 22:06:35","level":"warn","message":"404 Not Found: /fdjf"}
{"timestamp":"17/11/2025, 22:07:18","level":"warn","message":"404 Not Found: /fdjf"}
{"timestamp":"17/11/2025, 22:07:18","level":"warn","message":"404 Not Found: /fdjf"}
{"timestamp":"17/11/2025, 22:10:51","level":"info","message":"headersList =>","testip":null,"testip2":null}
{"timestamp":"17/11/2025, 22:10:51","level":"info","message":"Client IP =>","clientIp":"::1"}
{"timestamp":"17/11/2025, 22:10:53","level":"info","message":"headersList =>","testip":null,"testip2":null}
{"timestamp":"17/11/2025, 22:10:53","level":"info","message":"Client IP =>","clientIp":"::1"}
{"timestamp":"17/11/2025, 22:14:47","level":"info","message":"headersList =>","testip":null,"testip2":null}
{"timestamp":"17/11/2025, 22:14:47","level":"info","message":"Client IP =>","clientIp":"::1"}
{"timestamp":"17/11/2025, 22:14:48","level":"info","message":"headersList =>","testip":null,"testip2":null}
{"timestamp":"17/11/2025, 22:14:48","level":"info","message":"Client IP =>","clientIp":"::1"}
{"timestamp":"17/11/2025, 22:17:39","level":"info","message":"headersList =>","testip":null,"testip2":null}
{"timestamp":"17/11/2025, 22:17:39","level":"info","message":"Client IP =>","clientIp":"::1"}
{"timestamp":"17/11/2025, 22:17:41","level":"info","message":"headersList =>","testip":null,"testip2":null}
{"timestamp":"17/11/2025, 22:17:41","level":"info","message":"Client IP =>","clientIp":"::1"}
{"timestamp":"17/11/2025, 23:12:31","level":"info","message":"headersList =>","testip":null,"testip2":null}
{"timestamp":"17/11/2025, 23:12:31","level":"info","message":"Client IP =>","clientIp":"::1"}
{"timestamp":"17/11/2025, 23:12:36","level":"info","message":"headersList =>","testip":null,"testip2":null}
{"timestamp":"17/11/2025, 23:12:36","level":"info","message":"Client IP =>","clientIp":"::1"}
{"timestamp":"17/11/2025, 23:25:11","level":"error","message":"Error tracking visitor: Dynamic server usage: Page couldn't be rendered statically because it used `headers`. See more info here: https://nextjs.org/docs/messages/dynamic-server-error","description":"Page couldn't be rendered statically because it used `headers`. See more info here: https://nextjs.org/docs/messages/dynamic-server-error","digest":"DYNAMIC_SERVER_USAGE","stack":"Error: Dynamic server usage: Page couldn't be rendered statically because it used `headers`. See more info here: https://nextjs.org/docs/messages/dynamic-server-error\n    at u (C:\\Users\\Nikhil\\Documents\\GitHub\\nikhildasar\\.next\\server\\app\\api\\track-visitor\\route.js:1:7765)\n    at c (C:\\Users\\Nikhil\\Documents\\GitHub\\nikhildasar\\.next\\server\\app\\api\\track-visitor\\route.js:1:4883)\n    at d (C:\\Users\\Nikhil\\Documents\\GitHub\\nikhildasar\\.next\\server\\app\\api\\track-visitor\\route.js:1:1289)\n    at C:\\Users\\Nikhil\\Documents\\GitHub\\nikhildasar\\node_modules\\next\\dist\\compiled\\next-server\\app-route.runtime.prod.js:6:42490\n    at C:\\Users\\Nikhil\\Documents\\GitHub\\nikhildasar\\node_modules\\next\\dist\\server\\lib\\trace\\tracer.js:133:36\n    at NoopContextManager.with (C:\\Users\\Nikhil\\Documents\\GitHub\\nikhildasar\\node_modules\\next\\dist\\compiled\\@opentelemetry\\api\\index.js:1:7062)\n    at ContextAPI.with (C:\\Users\\Nikhil\\Documents\\GitHub\\nikhildasar\\node_modules\\next\\dist\\compiled\\@opentelemetry\\api\\index.js:1:518)\n    at NoopTracer.startActiveSpan (C:\\Users\\Nikhil\\Documents\\GitHub\\nikhildasar\\node_modules\\next\\dist\\compiled\\@opentelemetry\\api\\index.js:1:18093)\n    at ProxyTracer.startActiveSpan (C:\\Users\\Nikhil\\Documents\\GitHub\\nikhildasar\\node_modules\\next\\dist\\compiled\\@opentelemetry\\api\\index.js:1:18854)\n    at C:\\Users\\Nikhil\\Documents\\GitHub\\nikhildasar\\node_modules\\next\\dist\\server\\lib\\trace\\tracer.js:122:103"}
{"timestamp":"17/11/2025, 23:25:11","level":"error","message":"Error name: Error, message: Dynamic server usage: Page couldn't be rendered statically because it used `headers`. See more info here: https://nextjs.org/docs/messages/dynamic-server-error"}
